<?xml version="1.0" encoding="UTF-8"?>
<testsuite xmlns:xsi="http://www.w3.org/2001/XMLSchema-instance" xsi:schemaLocation="https://maven.apache.org/surefire/maven-surefire-plugin/xsd/surefire-test-report.xsd" name="TestSuite" time="0.872" tests="30" errors="0" skipped="26" failures="4">
  <properties>
[...]
</properties>
  <testcase name="setUp" classname="com.edu.qa.testcases.AddCourseTest" time="0.621">
    <failure message="The driver executable does not exist: C:\Users\praga\Downloads\chromedriver_win32\chromedriver.exe" type="java.lang.IllegalStateException">java.lang.IllegalStateException: The driver executable does not exist: C:\Users\praga\Downloads\chromedriver_win32\chromedriver.exe
	at com.edu.qa.testcases.AddCourseTest.setUp(AddCourseTest.java:34)
</failure>
  </testcase>
  <testcase name="setUp" classname="com.edu.qa.testcases.AddCourseTest" time="0">
    <skipped/>
  </testcase>
  <testcase name="setUp" classname="com.edu.qa.testcases.AddCourseTest" time="0">
    <skipped/>
  </testcase>
  <testcase name="VerifyCourseScreenLogo" classname="com.edu.qa.testcases.AddCourseTest" time="0">
    <skipped message="The driver executable does not exist: C:\Users\praga\Downloads\chromedriver_win32\chromedriver.exe"/>
  </testcase>
  <testcase name="setUp" classname="com.edu.qa.testcases.ForgotPasswordTest" time="0.63">
    <failure message="The driver executable does not exist: C:\Users\praga\Downloads\chromedriver_win32\chromedriver.exe" type="java.lang.IllegalStateException">java.lang.IllegalStateException: The driver executable does not exist: C:\Users\praga\Downloads\chromedriver_win32\chromedriver.exe
	at com.edu.qa.testcases.ForgotPasswordTest.setUp(ForgotPasswordTest.java:24)
</failure>
  </testcase>
  <testcase name="ForgotPassword" classname="com.edu.qa.testcases.ForgotPasswordTest" time="0">
    <skipped message="The driver executable does not exist: C:\Users\praga\Downloads\chromedriver_win32\chromedriver.exe"/>
  </testcase>
  <testcase name="setUp" classname="com.edu.qa.testcases.LoginPageTest" time="0.631">
    <failure message="The driver executable does not exist: C:\Users\praga\Downloads\chromedriver_win32\chromedriver.exe" type="java.lang.IllegalStateException">java.lang.IllegalStateException: The driver executable does not exist: C:\Users\praga\Downloads\chromedriver_win32\chromedriver.exe
	at com.edu.qa.testcases.LoginPageTest.setUp(LoginPageTest.java:32)
</failure>
  </testcase>
  <testcase name="setUp" classname="com.edu.qa.testcases.LoginPageTest" time="0">
    <skipped/>
  </testcase>
  <testcase name="setUp" classname="com.edu.qa.testcases.LoginPageTest" time="0">
    <skipped/>
  </testcase>
  <testcase name="setUp" classname="com.edu.qa.testcases.LoginPageTest" time="0">
    <skipped/>
  </testcase>
  <testcase name="setUp" classname="com.edu.qa.testcases.LoginPageTest" time="0">
    <skipped/>
  </testcase>
  <testcase name="setUp" classname="com.edu.qa.testcases.LoginPageTest" time="0">
    <skipped/>
  </testcase>
  <testcase name="setUp" classname="com.edu.qa.testcases.LoginPageTest" time="0">
    <skipped/>
  </testcase>
  <testcase name="setUp" classname="com.edu.qa.testcases.LoginPageTest" time="0">
    <skipped/>
  </testcase>
  <testcase name="setUp" classname="com.edu.qa.testcases.LoginPageTest" time="0">
    <skipped/>
  </testcase>
  <testcase name="landingPageTitleTest" classname="com.edu.qa.testcases.LoginPageTest" time="0">
    <skipped message="The driver executable does not exist: C:\Users\praga\Downloads\chromedriver_win32\chromedriver.exe"/>
  </testcase>
  <testcase name="setUp" classname="com.edu.qa.testcases.UserProfileTest" time="0.667">
    <failure message="The driver executable does not exist: C:\Users\praga\Downloads\chromedriver_win32\chromedriver.exe" type="java.lang.IllegalStateException">java.lang.IllegalStateException: The driver executable does not exist: C:\Users\praga\Downloads\chromedriver_win32\chromedriver.exe
	at com.edu.qa.testcases.UserProfileTest.setUp(UserProfileTest.java:31)
</failure>
  </testcase>
  <testcase name="setUp" classname="com.edu.qa.testcases.UserProfileTest" time="0">
    <skipped/>
  </testcase>
  <testcase name="VerifyUserProfileInformation" classname="com.edu.qa.testcases.UserProfileTest" time="0">
    <skipped message="The driver executable does not exist: C:\Users\praga\Downloads\chromedriver_win32\chromedriver.exe"/>
  </testcase>
  <testcase name="Addcourse" classname="com.edu.qa.testcases.AddCourseTest" time="0">
    <skipped message="The driver executable does not exist: C:\Users\praga\Downloads\chromedriver_win32\chromedriver.exe"/>
  </testcase>
  <testcase name="VerifyAddtocourseScreenlogo" classname="com.edu.qa.testcases.AddCourseTest" time="0">
    <skipped message="The driver executable does not exist: C:\Users\praga\Downloads\chromedriver_win32\chromedriver.exe"/>
  </testcase>
  <testcase name="loginPageTitleTest" classname="com.edu.qa.testcases.LoginPageTest" time="0">
    <skipped message="The driver executable does not exist: C:\Users\praga\Downloads\chromedriver_win32\chromedriver.exe"/>
  </testcase>
  <testcase name="EditUserProfileInformation" classname="com.edu.qa.testcases.UserProfileTest" time="0">
    <skipped message="The driver executable does not exist: C:\Users\praga\Downloads\chromedriver_win32\chromedriver.exe"/>
  </testcase>
  <testcase name="loginLogoImageTest" classname="com.edu.qa.testcases.LoginPageTest" time="0">
    <skipped message="The driver executable does not exist: C:\Users\praga\Downloads\chromedriver_win32\chromedriver.exe"/>
  </testcase>
  <testcase name="loginTestInvalid" classname="com.edu.qa.testcases.LoginPageTest" time="0">
    <skipped message="The driver executable does not exist: C:\Users\praga\Downloads\chromedriver_win32\chromedriver.exe"/>
  </testcase>
  <testcase name="loginTestInvalid" classname="com.edu.qa.testcases.LoginPageTest" time="0">
    <skipped message="The driver executable does not exist: C:\Users\praga\Downloads\chromedriver_win32\chromedriver.exe"/>
  </testcase>
  <testcase name="PasswordviewIcon" classname="com.edu.qa.testcases.LoginPageTest" time="0">
    <skipped message="The driver executable does not exist: C:\Users\praga\Downloads\chromedriver_win32\chromedriver.exe"/>
  </testcase>
  <testcase name="PasswordviewIcon" classname="com.edu.qa.testcases.LoginPageTest" time="0">
    <skipped message="The driver executable does not exist: C:\Users\praga\Downloads\chromedriver_win32\chromedriver.exe"/>
  </testcase>
  <testcase name="loginTest" classname="com.edu.qa.testcases.LoginPageTest" time="0">
    <skipped message="The driver executable does not exist: C:\Users\praga\Downloads\chromedriver_win32\chromedriver.exe"/>
  </testcase>
  <testcase name="logoutTest" classname="com.edu.qa.testcases.LoginPageTest" time="0">
    <skipped message="The driver executable does not exist: C:\Users\praga\Downloads\chromedriver_win32\chromedriver.exe"/>
  </testcase>
</testsuite>