<?xml version="1.0" encoding="UTF-8"?>
<testsuite xmlns:xsi="http://www.w3.org/2001/XMLSchema-instance" xsi:schemaLocation="https://maven.apache.org/surefire/maven-surefire-plugin/xsd/surefire-test-report.xsd" name="TestSuite" time="0.872" tests="30" errors="0" skipped="26" failures="4">
  <properties>
    <property name="java.runtime.name" value="OpenJDK Runtime Environment"/>
    <property name="java.vm.version" value="16.0.2+7-67"/>
    <property name="sun.boot.library.path" value="C:\Users\hp\.p2\pool\plugins\org.eclipse.justj.openjdk.hotspot.jre.full.win32.x86_64_16.0.2.v20210721-1149\jre\bin"/>
    <property name="maven.multiModuleProjectDirectory" value="C:\Users\hp\Desktop\New folder\Educollab2\Educollab2"/>
    <property name="java.vm.vendor" value="Oracle Corporation"/>
    <property name="java.vendor.url" value="https://java.oracle.com/"/>
    <property name="guice.disable.misplaced.annotation.check" value="true"/>
    <property name="path.separator" value=";"/>
    <property name="java.vm.name" value="OpenJDK 64-Bit Server VM"/>
    <property name="sun.os.patch.level" value=""/>
    <property name="user.script" value=""/>
    <property name="user.country" value="IN"/>
    <property name="sun.java.launcher" value="SUN_STANDARD"/>
    <property name="java.vm.specification.name" value="Java Virtual Machine Specification"/>
    <property name="user.dir" value="C:\Users\hp\Desktop\New folder\Educollab2\Educollab2"/>
    <property name="java.vm.compressedOopsMode" value="Zero based"/>
    <property name="java.runtime.version" value="16.0.2+7-67"/>
    <property name="os.arch" value="amd64"/>
    <property name="java.io.tmpdir" value="C:\Users\hp\AppData\Local\Temp\"/>
    <property name="line.separator" value="&#10;"/>
    <property name="java.vm.specification.vendor" value="Oracle Corporation"/>
    <property name="user.variant" value=""/>
    <property name="os.name" value="Windows 10"/>
    <property name="classworlds.conf" value="C:\Users\hp\Desktop\New folder\Educollab2\.metadata\.plugins\org.eclipse.m2e.launching\launches\m2conf1774682130584017475.tmp"/>
    <property name="sun.jnu.encoding" value="Cp1252"/>
    <property name="java.library.path" value="C:\Users\hp\.p2\pool\plugins\org.eclipse.justj.openjdk.hotspot.jre.full.win32.x86_64_16.0.2.v20210721-1149\jre\bin;C:\windows\Sun\Java\bin;C:\windows\system32;C:\windows;C:/Users/hp/.p2/pool/plugins/org.eclipse.justj.openjdk.hotspot.jre.full.win32.x86_64_16.0.2.v20210721-1149/jre/bin/server;C:/Users/hp/.p2/pool/plugins/org.eclipse.justj.openjdk.hotspot.jre.full.win32.x86_64_16.0.2.v20210721-1149/jre/bin;C:\Program Files (x86)\Common Files\Oracle\Java\javapath;C:\windows\system32;C:\windows;C:\windows\System32\Wbem;C:\windows\System32\WindowsPowerShell\v1.0\;C:\windows\System32\OpenSSH\;C:\Program Files (x86)\NVIDIA Corporation\PhysX\Common;C:\Program Files\NVIDIA Corporation\NVIDIA NvDLISR;C:\Users\hp\AppData\Local\Microsoft\WindowsApps;C:\Program Files\Java\jdk1.8.0_301\lib;C:\Program Files\Java\jdk1.8.0_301\bin;;C:\Users\hp\Desktop;;."/>
    <property name="jdk.debug" value="release"/>
    <property name="java.class.version" value="60.0"/>
    <property name="java.specification.name" value="Java Platform API Specification"/>
    <property name="sun.management.compiler" value="HotSpot 64-Bit Tiered Compilers"/>
    <property name="os.version" value="10.0"/>
    <property name="user.home" value="C:\Users\hp"/>
    <property name="user.timezone" value="Asia/Calcutta"/>
    <property name="file.encoding" value="Cp1252"/>
    <property name="java.specification.version" value="16"/>
    <property name="user.name" value="hp"/>
    <property name="java.class.path" value="C:\Users\hp\.p2\pool\plugins\org.eclipse.m2e.maven.runtime_1.18.0.20210603-1206\jars\plexus-classworlds-2.6.0.jar"/>
    <property name="java.vm.specification.version" value="16"/>
    <property name="sun.arch.data.model" value="64"/>
    <property name="sun.java.command" value="org.codehaus.plexus.classworlds.launcher.Launcher -B test"/>
    <property name="java.home" value="C:\Users\hp\.p2\pool\plugins\org.eclipse.justj.openjdk.hotspot.jre.full.win32.x86_64_16.0.2.v20210721-1149\jre"/>
    <property name="user.language" value="en"/>
    <property name="java.specification.vendor" value="Oracle Corporation"/>
    <property name="java.vm.info" value="mixed mode"/>
    <property name="java.version" value="16.0.2"/>
    <property name="java.vendor" value="Oracle Corporation"/>
    <property name="maven.home" value="C:\Users\hp\Desktop\New folder\Educollab2\Educollab2\EMBEDDED"/>
    <property name="file.separator" value="\"/>
    <property name="java.version.date" value="2021-07-20"/>
    <property name="java.vendor.url.bug" value="https://bugreport.java.com/bugreport/"/>
    <property name="sun.io.unicode.encoding" value="UnicodeLittle"/>
    <property name="sun.cpu.endian" value="little"/>
    <property name="sun.cpu.isalist" value="amd64"/>
  </properties>
  <testcase name="setUp" classname="com.edu.qa.testcases.AddCourseTest" time="0.621">
    <failure message="The driver executable does not exist: C:\Users\praga\Downloads\chromedriver_win32\chromedriver.exe" type="java.lang.IllegalStateException">java.lang.IllegalStateException: The driver executable does not exist: C:\Users\praga\Downloads\chromedriver_win32\chromedriver.exe
	at com.edu.qa.testcases.AddCourseTest.setUp(AddCourseTest.java:34)
</failure>
  </testcase>
  <testcase name="setUp" classname="com.edu.qa.testcases.AddCourseTest" time="0">
    <skipped/>
  </testcase>
  <testcase name="setUp" classname="com.edu.qa.testcases.AddCourseTest" time="0">
    <skipped/>
  </testcase>
  <testcase name="VerifyCourseScreenLogo" classname="com.edu.qa.testcases.AddCourseTest" time="0">
    <skipped message="The driver executable does not exist: C:\Users\praga\Downloads\chromedriver_win32\chromedriver.exe"/>
  </testcase>
  <testcase name="setUp" classname="com.edu.qa.testcases.ForgotPasswordTest" time="0.63">
    <failure message="The driver executable does not exist: C:\Users\praga\Downloads\chromedriver_win32\chromedriver.exe" type="java.lang.IllegalStateException">java.lang.IllegalStateException: The driver executable does not exist: C:\Users\praga\Downloads\chromedriver_win32\chromedriver.exe
	at com.edu.qa.testcases.ForgotPasswordTest.setUp(ForgotPasswordTest.java:24)
</failure>
  </testcase>
  <testcase name="ForgotPassword" classname="com.edu.qa.testcases.ForgotPasswordTest" time="0">
    <skipped message="The driver executable does not exist: C:\Users\praga\Downloads\chromedriver_win32\chromedriver.exe"/>
  </testcase>
  <testcase name="setUp" classname="com.edu.qa.testcases.LoginPageTest" time="0.631">
    <failure message="The driver executable does not exist: C:\Users\praga\Downloads\chromedriver_win32\chromedriver.exe" type="java.lang.IllegalStateException">java.lang.IllegalStateException: The driver executable does not exist: C:\Users\praga\Downloads\chromedriver_win32\chromedriver.exe
	at com.edu.qa.testcases.LoginPageTest.setUp(LoginPageTest.java:32)
</failure>
  </testcase>
  <testcase name="setUp" classname="com.edu.qa.testcases.LoginPageTest" time="0">
    <skipped/>
  </testcase>
  <testcase name="setUp" classname="com.edu.qa.testcases.LoginPageTest" time="0">
    <skipped/>
  </testcase>
  <testcase name="setUp" classname="com.edu.qa.testcases.LoginPageTest" time="0">
    <skipped/>
  </testcase>
  <testcase name="setUp" classname="com.edu.qa.testcases.LoginPageTest" time="0">
    <skipped/>
  </testcase>
  <testcase name="setUp" classname="com.edu.qa.testcases.LoginPageTest" time="0">
    <skipped/>
  </testcase>
  <testcase name="setUp" classname="com.edu.qa.testcases.LoginPageTest" time="0">
    <skipped/>
  </testcase>
  <testcase name="setUp" classname="com.edu.qa.testcases.LoginPageTest" time="0">
    <skipped/>
  </testcase>
  <testcase name="setUp" classname="com.edu.qa.testcases.LoginPageTest" time="0">
    <skipped/>
  </testcase>
  <testcase name="landingPageTitleTest" classname="com.edu.qa.testcases.LoginPageTest" time="0">
    <skipped message="The driver executable does not exist: C:\Users\praga\Downloads\chromedriver_win32\chromedriver.exe"/>
  </testcase>
  <testcase name="setUp" classname="com.edu.qa.testcases.UserProfileTest" time="0.667">
    <failure message="The driver executable does not exist: C:\Users\praga\Downloads\chromedriver_win32\chromedriver.exe" type="java.lang.IllegalStateException">java.lang.IllegalStateException: The driver executable does not exist: C:\Users\praga\Downloads\chromedriver_win32\chromedriver.exe
	at com.edu.qa.testcases.UserProfileTest.setUp(UserProfileTest.java:31)
</failure>
  </testcase>
  <testcase name="setUp" classname="com.edu.qa.testcases.UserProfileTest" time="0">
    <skipped/>
  </testcase>
  <testcase name="VerifyUserProfileInformation" classname="com.edu.qa.testcases.UserProfileTest" time="0">
    <skipped message="The driver executable does not exist: C:\Users\praga\Downloads\chromedriver_win32\chromedriver.exe"/>
  </testcase>
  <testcase name="Addcourse" classname="com.edu.qa.testcases.AddCourseTest" time="0">
    <skipped message="The driver executable does not exist: C:\Users\praga\Downloads\chromedriver_win32\chromedriver.exe"/>
  </testcase>
  <testcase name="VerifyAddtocourseScreenlogo" classname="com.edu.qa.testcases.AddCourseTest" time="0">
    <skipped message="The driver executable does not exist: C:\Users\praga\Downloads\chromedriver_win32\chromedriver.exe"/>
  </testcase>
  <testcase name="loginPageTitleTest" classname="com.edu.qa.testcases.LoginPageTest" time="0">
    <skipped message="The driver executable does not exist: C:\Users\praga\Downloads\chromedriver_win32\chromedriver.exe"/>
  </testcase>
  <testcase name="EditUserProfileInformation" classname="com.edu.qa.testcases.UserProfileTest" time="0">
    <skipped message="The driver executable does not exist: C:\Users\praga\Downloads\chromedriver_win32\chromedriver.exe"/>
  </testcase>
  <testcase name="loginLogoImageTest" classname="com.edu.qa.testcases.LoginPageTest" time="0">
    <skipped message="The driver executable does not exist: C:\Users\praga\Downloads\chromedriver_win32\chromedriver.exe"/>
  </testcase>
  <testcase name="loginTestInvalid" classname="com.edu.qa.testcases.LoginPageTest" time="0">
    <skipped message="The driver executable does not exist: C:\Users\praga\Downloads\chromedriver_win32\chromedriver.exe"/>
  </testcase>
  <testcase name="loginTestInvalid" classname="com.edu.qa.testcases.LoginPageTest" time="0">
    <skipped message="The driver executable does not exist: C:\Users\praga\Downloads\chromedriver_win32\chromedriver.exe"/>
  </testcase>
  <testcase name="PasswordviewIcon" classname="com.edu.qa.testcases.LoginPageTest" time="0">
    <skipped message="The driver executable does not exist: C:\Users\praga\Downloads\chromedriver_win32\chromedriver.exe"/>
  </testcase>
  <testcase name="PasswordviewIcon" classname="com.edu.qa.testcases.LoginPageTest" time="0">
    <skipped message="The driver executable does not exist: C:\Users\praga\Downloads\chromedriver_win32\chromedriver.exe"/>
  </testcase>
  <testcase name="loginTest" classname="com.edu.qa.testcases.LoginPageTest" time="0">
    <skipped message="The driver executable does not exist: C:\Users\praga\Downloads\chromedriver_win32\chromedriver.exe"/>
  </testcase>
  <testcase name="logoutTest" classname="com.edu.qa.testcases.LoginPageTest" time="0">
    <skipped message="The driver executable does not exist: C:\Users\praga\Downloads\chromedriver_win32\chromedriver.exe"/>
  </testcase>
</testsuite>